# JRE version: OpenJDK Runtime Environment (7.0_79-b14) (build 1.7.0_79-b14)
# Java VM: OpenJDK 64-Bit Server VM (24.79-b02 mixed mode linux-amd64 compressed oops)
Heap
 PSYoungGen      total 544768K, used 25556K [0x00000007d6c80000, 0x0000000800000000, 0x0000000800000000)
  eden space 514560K, 4% used [0x00000007d6c80000,0x00000007d85751c0,0x00000007f6300000)
  from space 30208K, 0% used [0x00000007f6300000,0x00000007f6300000,0x00000007f8080000)
  to   space 50176K, 0% used [0x00000007fcf00000,0x00000007fcf00000,0x0000000800000000)
 ParOldGen       total 260608K, used 154973K [0x0000000784600000, 0x0000000794480000, 0x00000007d6c80000)
  object space 260608K, 59% used [0x0000000784600000,0x000000078dd57650,0x0000000794480000)
 PSPermGen       total 21504K, used 12194K [0x000000077a000000, 0x000000077b500000, 0x0000000784600000)
  object space 21504K, 56% used [0x000000077a000000,0x000000077abe89a0,0x000000077b500000)
GC Heap History (10 events):
Event: 3.153 GC heap before
{Heap before GC invocations=7 (full 0):
 PSYoungGen      total 285184K, used 278204K [0x00000007d6c80000, 0x00000007e9f80000, 0x0000000800000000)
  eden space 257536K, 100% used [0x00000007d6c80000,0x00000007e6800000,0x00000007e6800000)
  from space 27648K, 74% used [0x00000007e8380000,0x00000007e97af130,0x00000007e9e80000)
  to   space 28160K, 0% used [0x00000007e6800000,0x00000007e6800000,0x00000007e8380000)
 ParOldGen       total 83968K, used 59602K [0x0000000784600000, 0x0000000789800000, 0x00000007d6c80000)
  object space 83968K, 70% used [0x0000000784600000,0x0000000788034b18,0x0000000789800000)
 PSPermGen       total 21504K, used 6776K [0x000000077a000000, 0x000000077b500000, 0x0000000784600000)
  object space 21504K, 31% used [0x000000077a000000,0x000000077a69e3a0,0x000000077b500000)
Event: 3.188 GC heap after
Heap after GC invocations=7 (full 0):
 PSYoungGen      total 285696K, used 23263K [0x00000007d6c80000, 0x00000007f9d80000, 0x0000000800000000)
  eden space 257536K, 0% used [0x00000007d6c80000,0x00000007d6c80000,0x00000007e6800000)
  from space 28160K, 82% used [0x00000007e6800000,0x00000007e7eb7eb8,0x00000007e8380000)
  to   space 29696K, 0% used [0x00000007f8080000,0x00000007f8080000,0x00000007f9d80000)
 ParOldGen       total 83968K, used 61709K [0x0000000784600000, 0x0000000789800000, 0x00000007d6c80000)
  object space 83968K, 73% used [0x0000000784600000,0x0000000788243720,0x0000000789800000)
 PSPermGen       total 21504K, used 6776K [0x000000077a000000, 0x000000077b500000, 0x0000000784600000)
  object space 21504K, 31% used [0x000000077a000000,0x000000077a69e3a0,0x000000077b500000)
}
Event: 3.440 GC heap before
{Heap before GC invocations=8 (full 0):
 PSYoungGen      total 285696K, used 280799K [0x00000007d6c80000, 0x00000007f9d80000, 0x0000000800000000)
  eden space 257536K, 100% used [0x00000007d6c80000,0x00000007e6800000,0x00000007e6800000)
  from space 28160K, 82% used [0x00000007e6800000,0x00000007e7eb7eb8,0x00000007e8380000)
  to   space 29696K, 0% used [0x00000007f8080000,0x00000007f8080000,0x00000007f9d80000)
 ParOldGen       total 83968K, used 61709K [0x0000000784600000, 0x0000000789800000, 0x00000007d6c80000)
  object space 83968K, 73% used [0x0000000784600000,0x0000000788243720,0x0000000789800000)
 PSPermGen       total 21504K, used 6776K [0x000000077a000000, 0x000000077b500000, 0x0000000784600000)
  object space 21504K, 31% used [0x000000077a000000,0x000000077a69e3a0,0x000000077b500000)
Event: 3.467 GC heap after
Heap after GC invocations=8 (full 0):
 PSYoungGen      total 544256K, used 22582K [0x00000007d6c80000, 0x00000007f9e80000, 0x0000000800000000)
  eden space 514560K, 0% used [0x00000007d6c80000,0x00000007d6c80000,0x00000007f6300000)
  from space 29696K, 76% used [0x00000007f8080000,0x00000007f968db68,0x00000007f9d80000)
  to   space 30208K, 0% used [0x00000007f6300000,0x00000007f6300000,0x00000007f8080000)
 ParOldGen       total 83968K, used 63301K [0x0000000784600000, 0x0000000789800000, 0x00000007d6c80000)
  object space 83968K, 75% used [0x0000000784600000,0x00000007883d1720,0x0000000789800000)
 PSPermGen       total 21504K, used 6776K [0x000000077a000000, 0x000000077b500000, 0x0000000784600000)
  object space 21504K, 31% used [0x000000077a000000,0x000000077a69e3a0,0x000000077b500000)
}
Event: 3.467 GC heap before
{Heap before GC invocations=9 (full 1):
 PSYoungGen      total 544256K, used 22582K [0x00000007d6c80000, 0x00000007f9e80000, 0x0000000800000000)
  eden space 514560K, 0% used [0x00000007d6c80000,0x00000007d6c80000,0x00000007f6300000)
  from space 29696K, 76% used [0x00000007f8080000,0x00000007f968db68,0x00000007f9d80000)
  to   space 30208K, 0% used [0x00000007f6300000,0x00000007f6300000,0x00000007f8080000)
 ParOldGen       total 83968K, used 63301K [0x0000000784600000, 0x0000000789800000, 0x00000007d6c80000)
  object space 83968K, 75% used [0x0000000784600000,0x00000007883d1720,0x0000000789800000)
 PSPermGen       total 21504K, used 6776K [0x000000077a000000, 0x000000077b500000, 0x0000000784600000)
  object space 21504K, 31% used [0x000000077a000000,0x000000077a69e3a0,0x000000077b500000)
Event: 3.887 GC heap after
Heap after GC invocations=9 (full 1):
 PSYoungGen      total 544256K, used 0K [0x00000007d6c80000, 0x00000007f9e80000, 0x0000000800000000)
  eden space 514560K, 0% used [0x00000007d6c80000,0x00000007d6c80000,0x00000007f6300000)
  from space 29696K, 0% used [0x00000007f8080000,0x00000007f8080000,0x00000007f9d80000)
  to   space 30208K, 0% used [0x00000007f6300000,0x00000007f6300000,0x00000007f8080000)
 ParOldGen       total 155136K, used 83854K [0x0000000784600000, 0x000000078dd80000, 0x00000007d6c80000)
  object space 155136K, 54% used [0x0000000784600000,0x00000007897e3ab0,0x000000078dd80000)
 PSPermGen       total 21504K, used 6774K [0x000000077a000000, 0x000000077b500000, 0x0000000784600000)
  object space 21504K, 31% used [0x000000077a000000,0x000000077a69dbe8,0x000000077b500000)
}
Event: 181.575 GC heap before
{Heap before GC invocations=10 (full 1):
 PSYoungGen      total 544256K, used 514560K [0x00000007d6c80000, 0x00000007f9e80000, 0x0000000800000000)
  eden space 514560K, 100% used [0x00000007d6c80000,0x00000007f6300000,0x00000007f6300000)
  from space 29696K, 0% used [0x00000007f8080000,0x00000007f8080000,0x00000007f9d80000)
  to   space 30208K, 0% used [0x00000007f6300000,0x00000007f6300000,0x00000007f8080000)
 ParOldGen       total 155136K, used 83854K [0x0000000784600000, 0x000000078dd80000, 0x00000007d6c80000)
  object space 155136K, 54% used [0x0000000784600000,0x00000007897e3ab0,0x000000078dd80000)
 PSPermGen       total 21504K, used 12176K [0x000000077a000000, 0x000000077b500000, 0x0000000784600000)
  object space 21504K, 56% used [0x000000077a000000,0x000000077abe4168,0x000000077b500000)
Event: 181.671 GC heap after
Heap after GC invocations=10 (full 1):
 PSYoungGen      total 544768K, used 30204K [0x00000007d6c80000, 0x0000000800000000, 0x0000000800000000)
  eden space 514560K, 0% used [0x00000007d6c80000,0x00000007d6c80000,0x00000007f6300000)
  from space 30208K, 99% used [0x00000007f6300000,0x00000007f807f200,0x00000007f8080000)
  to   space 50176K, 0% used [0x00000007fcf00000,0x00000007fcf00000,0x0000000800000000)
 ParOldGen       total 155136K, used 124993K [0x0000000784600000, 0x000000078dd80000, 0x00000007d6c80000)
  object space 155136K, 80% used [0x0000000784600000,0x000000078c0107f0,0x000000078dd80000)
 PSPermGen       total 21504K, used 12176K [0x000000077a000000, 0x000000077b500000, 0x0000000784600000)
  object space 21504K, 56% used [0x000000077a000000,0x000000077abe4168,0x000000077b500000)
}
Event: 181.671 GC heap before
{Heap before GC invocations=11 (full 2):
 PSYoungGen      total 544768K, used 30204K [0x00000007d6c80000, 0x0000000800000000, 0x0000000800000000)
  eden space 514560K, 0% used [0x00000007d6c80000,0x00000007d6c80000,0x00000007f6300000)
  from space 30208K, 99% used [0x00000007f6300000,0x00000007f807f200,0x00000007f8080000)
  to   space 50176K, 0% used [0x00000007fcf00000,0x00000007fcf00000,0x0000000800000000)
 ParOldGen       total 155136K, used 124993K [0x0000000784600000, 0x000000078dd80000, 0x00000007d6c80000)
  object space 155136K, 80% used [0x0000000784600000,0x000000078c0107f0,0x000000078dd80000)
 PSPermGen       total 21504K, used 12176K [0x000000077a000000, 0x000000077b500000, 0x0000000784600000)
  object space 21504K, 56% used [0x000000077a000000,0x000000077abe4168,0x000000077b500000)
Event: 182.284 GC heap after
Heap after GC invocations=11 (full 2):
 PSYoungGen      total 544768K, used 0K [0x00000007d6c80000, 0x0000000800000000, 0x0000000800000000)
  eden space 514560K, 0% used [0x00000007d6c80000,0x00000007d6c80000,0x00000007f6300000)
  from space 30208K, 0% used [0x00000007f6300000,0x00000007f6300000,0x00000007f8080000)
  to   space 50176K, 0% used [0x00000007fcf00000,0x00000007fcf00000,0x0000000800000000)
 ParOldGen       total 260608K, used 154973K [0x0000000784600000, 0x0000000794480000, 0x00000007d6c80000)
  object space 260608K, 59% used [0x0000000784600000,0x000000078dd57650,0x0000000794480000)
 PSPermGen       total 21504K, used 12174K [0x000000077a000000, 0x000000077b500000, 0x0000000784600000)
  object space 21504K, 56% used [0x000000077a000000,0x000000077abe3800,0x000000077b500000)
}

